<?xml version="1.0" encoding="UTF-8"?>
<testsuite xmlns:xsi="http://www.w3.org/2001/XMLSchema-instance" xsi:noNamespaceSchemaLocation="https://maven.apache.org/surefire/maven-surefire-plugin/xsd/surefire-test-report.xsd" name="ExceptionTests" time="0.232" tests="5" errors="0" skipped="0" failures="1">
  <properties>
    <property name="java.specification.version" value="17"/>
    <property name="sun.jnu.encoding" value="UTF-8"/>
    <property name="java.class.path" value="/home/user/Desktop/programming/New/java_basics/ExceptionsDebuggingAndTesting/homework_1/ConsoleCustomerList/target/test-classes:/home/user/Desktop/programming/New/java_basics/ExceptionsDebuggingAndTesting/homework_1/ConsoleCustomerList/target/classes:/home/user/.m2/repository/ch/qos/logback/logback-classic/1.2.3/logback-classic-1.2.3.jar:/home/user/.m2/repository/ch/qos/logback/logback-core/1.2.3/logback-core-1.2.3.jar:/home/user/.m2/repository/org/slf4j/slf4j-api/1.7.26/slf4j-api-1.7.26.jar:/home/user/.m2/repository/org/junit/jupiter/junit-jupiter-api/5.9.0/junit-jupiter-api-5.9.0.jar:/home/user/.m2/repository/org/opentest4j/opentest4j/1.2.0/opentest4j-1.2.0.jar:/home/user/.m2/repository/org/junit/platform/junit-platform-commons/1.9.0/junit-platform-commons-1.9.0.jar:/home/user/.m2/repository/org/apiguardian/apiguardian-api/1.1.2/apiguardian-api-1.1.2.jar:/home/user/.m2/repository/org/junit/jupiter/junit-jupiter-engine/5.9.0/junit-jupiter-engine-5.9.0.jar:/home/user/.m2/repository/org/junit/platform/junit-platform-engine/1.9.0/junit-platform-engine-1.9.0.jar:/home/user/.m2/repository/com/puppycrawl/tools/checkstyle/10.3.4/checkstyle-10.3.4.jar:/home/user/.m2/repository/info/picocli/picocli/4.6.3/picocli-4.6.3.jar:/home/user/.m2/repository/org/antlr/antlr4-runtime/4.11.1/antlr4-runtime-4.11.1.jar:/home/user/.m2/repository/commons-beanutils/commons-beanutils/1.9.4/commons-beanutils-1.9.4.jar:/home/user/.m2/repository/commons-logging/commons-logging/1.2/commons-logging-1.2.jar:/home/user/.m2/repository/commons-collections/commons-collections/3.2.2/commons-collections-3.2.2.jar:/home/user/.m2/repository/com/google/guava/guava/31.1-jre/guava-31.1-jre.jar:/home/user/.m2/repository/com/google/guava/failureaccess/1.0.1/failureaccess-1.0.1.jar:/home/user/.m2/repository/com/google/guava/listenablefuture/9999.0-empty-to-avoid-conflict-with-guava/listenablefuture-9999.0-empty-to-avoid-conflict-with-guava.jar:/home/user/.m2/repository/com/google/code/findbugs/jsr305/3.0.2/jsr305-3.0.2.jar:/home/user/.m2/repository/com/google/errorprone/error_prone_annotations/2.11.0/error_prone_annotations-2.11.0.jar:/home/user/.m2/repository/com/google/j2objc/j2objc-annotations/1.3/j2objc-annotations-1.3.jar:/home/user/.m2/repository/org/reflections/reflections/0.10.2/reflections-0.10.2.jar:/home/user/.m2/repository/org/javassist/javassist/3.28.0-GA/javassist-3.28.0-GA.jar:/home/user/.m2/repository/net/sf/saxon/Saxon-HE/11.4/Saxon-HE-11.4.jar:/home/user/.m2/repository/org/xmlresolver/xmlresolver/4.4.3/xmlresolver-4.4.3.jar:/home/user/.m2/repository/org/apache/httpcomponents/client5/httpclient5/5.1.3/httpclient5-5.1.3.jar:/home/user/.m2/repository/org/apache/httpcomponents/core5/httpcore5-h2/5.1.3/httpcore5-h2-5.1.3.jar:/home/user/.m2/repository/commons-codec/commons-codec/1.15/commons-codec-1.15.jar:/home/user/.m2/repository/org/apache/httpcomponents/core5/httpcore5/5.1.3/httpcore5-5.1.3.jar:/home/user/.m2/repository/org/xmlresolver/xmlresolver/4.4.3/xmlresolver-4.4.3-data.jar:/home/user/.m2/repository/org/checkerframework/checker-qual/3.25.0/checker-qual-3.25.0.jar:"/>
    <property name="java.vm.vendor" value="Oracle Corporation"/>
    <property name="sun.arch.data.model" value="64"/>
    <property name="java.vendor.url" value="https://java.oracle.com/"/>
    <property name="os.name" value="Linux"/>
    <property name="java.vm.specification.version" value="17"/>
    <property name="sun.java.launcher" value="SUN_STANDARD"/>
    <property name="user.country" value="US"/>
    <property name="sun.boot.library.path" value="/home/user/.jdks/openjdk-17.0.2/lib"/>
    <property name="sun.java.command" value="/home/user/Desktop/programming/New/java_basics/ExceptionsDebuggingAndTesting/homework_1/ConsoleCustomerList/target/surefire/surefirebooter5263718026747341001.jar /home/user/Desktop/programming/New/java_basics/ExceptionsDebuggingAndTesting/homework_1/ConsoleCustomerList/target/surefire 2022-10-25T11-12-59_862-jvmRun1 surefire16108391426130370478tmp surefire_05146708921163276685tmp"/>
    <property name="jdk.debug" value="release"/>
    <property name="surefire.test.class.path" value="/home/user/Desktop/programming/New/java_basics/ExceptionsDebuggingAndTesting/homework_1/ConsoleCustomerList/target/test-classes:/home/user/Desktop/programming/New/java_basics/ExceptionsDebuggingAndTesting/homework_1/ConsoleCustomerList/target/classes:/home/user/.m2/repository/ch/qos/logback/logback-classic/1.2.3/logback-classic-1.2.3.jar:/home/user/.m2/repository/ch/qos/logback/logback-core/1.2.3/logback-core-1.2.3.jar:/home/user/.m2/repository/org/slf4j/slf4j-api/1.7.26/slf4j-api-1.7.26.jar:/home/user/.m2/repository/org/junit/jupiter/junit-jupiter-api/5.9.0/junit-jupiter-api-5.9.0.jar:/home/user/.m2/repository/org/opentest4j/opentest4j/1.2.0/opentest4j-1.2.0.jar:/home/user/.m2/repository/org/junit/platform/junit-platform-commons/1.9.0/junit-platform-commons-1.9.0.jar:/home/user/.m2/repository/org/apiguardian/apiguardian-api/1.1.2/apiguardian-api-1.1.2.jar:/home/user/.m2/repository/org/junit/jupiter/junit-jupiter-engine/5.9.0/junit-jupiter-engine-5.9.0.jar:/home/user/.m2/repository/org/junit/platform/junit-platform-engine/1.9.0/junit-platform-engine-1.9.0.jar:/home/user/.m2/repository/com/puppycrawl/tools/checkstyle/10.3.4/checkstyle-10.3.4.jar:/home/user/.m2/repository/info/picocli/picocli/4.6.3/picocli-4.6.3.jar:/home/user/.m2/repository/org/antlr/antlr4-runtime/4.11.1/antlr4-runtime-4.11.1.jar:/home/user/.m2/repository/commons-beanutils/commons-beanutils/1.9.4/commons-beanutils-1.9.4.jar:/home/user/.m2/repository/commons-logging/commons-logging/1.2/commons-logging-1.2.jar:/home/user/.m2/repository/commons-collections/commons-collections/3.2.2/commons-collections-3.2.2.jar:/home/user/.m2/repository/com/google/guava/guava/31.1-jre/guava-31.1-jre.jar:/home/user/.m2/repository/com/google/guava/failureaccess/1.0.1/failureaccess-1.0.1.jar:/home/user/.m2/repository/com/google/guava/listenablefuture/9999.0-empty-to-avoid-conflict-with-guava/listenablefuture-9999.0-empty-to-avoid-conflict-with-guava.jar:/home/user/.m2/repository/com/google/code/findbugs/jsr305/3.0.2/jsr305-3.0.2.jar:/home/user/.m2/repository/com/google/errorprone/error_prone_annotations/2.11.0/error_prone_annotations-2.11.0.jar:/home/user/.m2/repository/com/google/j2objc/j2objc-annotations/1.3/j2objc-annotations-1.3.jar:/home/user/.m2/repository/org/reflections/reflections/0.10.2/reflections-0.10.2.jar:/home/user/.m2/repository/org/javassist/javassist/3.28.0-GA/javassist-3.28.0-GA.jar:/home/user/.m2/repository/net/sf/saxon/Saxon-HE/11.4/Saxon-HE-11.4.jar:/home/user/.m2/repository/org/xmlresolver/xmlresolver/4.4.3/xmlresolver-4.4.3.jar:/home/user/.m2/repository/org/apache/httpcomponents/client5/httpclient5/5.1.3/httpclient5-5.1.3.jar:/home/user/.m2/repository/org/apache/httpcomponents/core5/httpcore5-h2/5.1.3/httpcore5-h2-5.1.3.jar:/home/user/.m2/repository/commons-codec/commons-codec/1.15/commons-codec-1.15.jar:/home/user/.m2/repository/org/apache/httpcomponents/core5/httpcore5/5.1.3/httpcore5-5.1.3.jar:/home/user/.m2/repository/org/xmlresolver/xmlresolver/4.4.3/xmlresolver-4.4.3-data.jar:/home/user/.m2/repository/org/checkerframework/checker-qual/3.25.0/checker-qual-3.25.0.jar:"/>
    <property name="sun.cpu.endian" value="little"/>
    <property name="user.home" value="/home/user"/>
    <property name="user.language" value="en"/>
    <property name="java.specification.vendor" value="Oracle Corporation"/>
    <property name="java.version.date" value="2022-01-18"/>
    <property name="java.home" value="/home/user/.jdks/openjdk-17.0.2"/>
    <property name="file.separator" value="/"/>
    <property name="basedir" value="/home/user/Desktop/programming/New/java_basics/ExceptionsDebuggingAndTesting/homework_1/ConsoleCustomerList"/>
    <property name="java.vm.compressedOopsMode" value="32-bit"/>
    <property name="line.separator" value="&#10;"/>
    <property name="java.vm.specification.vendor" value="Oracle Corporation"/>
    <property name="java.specification.name" value="Java Platform API Specification"/>
    <property name="surefire.real.class.path" value="/home/user/Desktop/programming/New/java_basics/ExceptionsDebuggingAndTesting/homework_1/ConsoleCustomerList/target/surefire/surefirebooter5263718026747341001.jar"/>
    <property name="sun.management.compiler" value="HotSpot 64-Bit Tiered Compilers"/>
    <property name="java.runtime.version" value="17.0.2+8-86"/>
    <property name="user.name" value="user"/>
    <property name="path.separator" value=":"/>
    <property name="os.version" value="5.15.0-52-generic"/>
    <property name="java.runtime.name" value="OpenJDK Runtime Environment"/>
    <property name="file.encoding" value="UTF-8"/>
    <property name="java.vm.name" value="OpenJDK 64-Bit Server VM"/>
    <property name="localRepository" value="/home/user/.m2/repository"/>
    <property name="java.vendor.url.bug" value="https://bugreport.java.com/bugreport/"/>
    <property name="java.io.tmpdir" value="/tmp"/>
    <property name="idea.version" value="2022.3"/>
    <property name="java.version" value="17.0.2"/>
    <property name="user.dir" value="/home/user/Desktop/programming/New/java_basics/ExceptionsDebuggingAndTesting/homework_1/ConsoleCustomerList"/>
    <property name="os.arch" value="amd64"/>
    <property name="java.vm.specification.name" value="Java Virtual Machine Specification"/>
    <property name="native.encoding" value="UTF-8"/>
    <property name="java.library.path" value="/usr/java/packages/lib:/usr/lib64:/lib64:/lib:/usr/lib"/>
    <property name="java.vm.info" value="mixed mode, sharing"/>
    <property name="java.vendor" value="Oracle Corporation"/>
    <property name="java.vm.version" value="17.0.2+8-86"/>
    <property name="sun.io.unicode.encoding" value="UnicodeLittle"/>
    <property name="java.class.version" value="61.0"/>
  </properties>
  <testcase name="moreThenFourElementsInputString" classname="ExceptionTests" time="0.105"/>
  <testcase name="lessThanFourElementsInputString" classname="ExceptionTests" time="0.006"/>
  <testcase name="insertCorrectData" classname="ExceptionTests" time="0.051">
    <failure message="expected: &lt;+79991234567&gt; but was: &lt;79991234567&gt;" type="org.opentest4j.AssertionFailedError"><![CDATA[org.opentest4j.AssertionFailedError: expected: <+79991234567> but was: <79991234567>
	at ExceptionTests.insertCorrectData(ExceptionTests.java:69)
]]></failure>
  </testcase>
  <testcase name="wrongEmailFormatWithoutAt" classname="ExceptionTests" time="0.008"/>
  <testcase name="wrongPhoneFormatWithoutDigits" classname="ExceptionTests" time="0.007"/>
</testsuite>